{
  "RSpec": {
    "coverage": {
      "/Users/danidesalvio/Desktop/dpl_prepwork/cars/app/models/car.rb": [
        1,
        1,
        null,
        null,
        0,
        null,
        1,
        null,
        0,
        null,
        1,
        null,
        null,
        null,
        null,
        0,
        null,
        1,
        null,
        0,
        null,
        1,
        null,
        0,
        null,
        1,
        null,
        0,
        null,
        null
      ],
      "/Users/danidesalvio/Desktop/dpl_prepwork/cars/app/models/application_record.rb": [
        1,
        1,
        null
      ]
    },
    "timestamp": 1575429505
  }
}
